[2019-09-24T14:01:40.929] [INFO] resLogger - 
*************** response log start ***************
request method: POST
request originalUrl:  /api/xcx/weChat/thirdLoginIn
request client ip:  ::ffff:127.0.0.1
request body: 
{"url":"/"}
response time: 25
response status: 200
response body: 
{"code":0,"data":"不存在","msg":"不存在"}
*************** response log end ***************

[2019-09-24T14:01:40.933] [INFO] resLogger - 
*************** response log start ***************
request method: GET
request originalUrl:  /favicon.ico
request client ip:  ::ffff:127.0.0.1
request query:  {}
response time: 1
response status: 404
response body: 
undefined
*************** response log end ***************

